1702986070792:help
1702986086303:get
1702986370666:get pdp.uz
1702986377863:quit
1702987520853:hi
1702987523354:help
1702987530099:get_all
1702987555752:create
1702987567605:create pdp.uz user 123
1702987574290:get_all
1702987585057:get pdp.uz
1702987592275:help
1702987598507:update
1702987607250:update qwe sqwd 12
1702987729418:get_all
1702987801411:update qw dqw 12
1702987829654:update qwe user2 1234
1702987834064:get_all
1702987841084:delete qwe
1702987944593:get_all
1702987948025:delete
1702987953200:delete qwe
1702988342371:get_all
1702988350456:delete qwe
1702988370302:get_all
1702988437432:delete qwe
1702988442123:set_All
1702988449442:get_all
